INFO main auto.SystemUtil - br=2020-8-6 14:35:07 org.apache.catalina.startup.HostConfig deployDirectory
INFO main auto.SystemUtil - br=信息: Deploying web application directory docs
INFO main auto.SystemUtil - br=2020-8-6 14:35:07 org.apache.coyote.http11.Http11Protocol start
INFO main auto.SystemUtil - br=信息: Starting Coyote HTTP/1.1 on http-8899
INFO main auto.SystemUtil - br=2020-8-6 14:35:07 org.apache.jk.common.ChannelSocket init
INFO main auto.SystemUtil - br=信息: JK: ajp13 listening on /0.0.0.0:8029
INFO main auto.SystemUtil - br=2020-8-6 14:35:07 org.apache.jk.server.JkMain start
INFO main auto.SystemUtil - br=信息: Jk running ID=0 time=0/29  config=null
INFO main auto.SystemUtil - br=2020-8-6 14:35:07 org.apache.catalina.startup.Catalina start
INFO main auto.SystemUtil - br=信息: Server startup in 16153 ms
INFO main auto.SystemUtil - br=Using CATALINA_BASE:   /new/tomcat_dwat_temp
INFO main auto.SystemUtil - br=Using CATALINA_HOME:   /new/tomcat_dwat_temp
INFO main auto.SystemUtil - br=Using CATALINA_TMPDIR: /new/tomcat_dwat_temp/temp
INFO main auto.SystemUtil - br=Using JRE_HOME:        /usr
INFO main auto.SystemUtil - br=Using CLASSPATH:       /new/tomcat_dwat_temp/bin/bootstrap.jar
INFO main auto.SystemUtil - br=2020-8-7 8:27:08 org.apache.catalina.core.AprLifecycleListener init
INFO main auto.SystemUtil - br=信息: The APR based Apache Tomcat Native library which allows optimal performance in production environments was not found on the java.library.path: /usr/lib/jvm/java-1.6.0-openjdk-1.6.0.0.x86_64/jre/lib/amd64/server:/usr/lib/jvm/java-1.6.0-openjdk-1.6.0.0.x86_64/jre/lib/amd64:/usr/lib/jvm/java-1.6.0-openjdk-1.6.0.0.x86_64/jre/../lib/amd64:/usr/java/packages/lib/amd64:/usr/lib64:/lib64:/lib:/usr/lib
INFO main auto.SystemUtil - br=2020-8-7 8:27:08 org.apache.coyote.http11.Http11Protocol init
INFO main auto.SystemUtil - br=信息: Initializing Coyote HTTP/1.1 on http-8899
INFO main auto.SystemUtil - br=2020-8-7 8:27:08 org.apache.catalina.startup.Catalina load
INFO main auto.SystemUtil - br=信息: Initialization processed in 594 ms
INFO main auto.SystemUtil - br=2020-8-7 8:27:08 org.apache.catalina.core.StandardService start
INFO main auto.SystemUtil - br=信息: Starting service Catalina
INFO main auto.SystemUtil - br=2020-8-7 8:27:08 org.apache.catalina.core.StandardEngine start
INFO main auto.SystemUtil - br=信息: Starting Servlet Engine: Apache Tomcat/6.0.41
INFO main auto.SystemUtil - br=2020-8-7 8:27:08 org.apache.catalina.startup.HostConfig deployDescriptor
INFO main auto.SystemUtil - br=信息: Deploying configuration descriptor host-manager.xml
INFO main auto.SystemUtil - br=2020-8-7 8:27:09 org.apache.catalina.startup.HostConfig deployDescriptor
INFO main auto.SystemUtil - br=信息: Deploying configuration descriptor manager.xml
INFO main auto.SystemUtil - br=2020-8-7 8:27:09 org.apache.catalina.startup.HostConfig deployWAR
INFO main auto.SystemUtil - br=信息: Deploying web application archive dwat.war
INFO main auto.SystemUtil - br=2020-8-7 8:27:09 org.apache.catalina.loader.WebappClassLoader validateJarFile
INFO main auto.SystemUtil - br=信息: validateJarFile(/new/tomcat_dwat_temp/webapps/dwat/WEB-INF/lib/javax.servlet-api-3.1.0.jar) - jar not loaded. See Servlet Spec 2.3, section 9.7.2. Offending class: javax/servlet/Servlet.class
INFO main auto.SystemUtil - br=2020-8-7 8:27:09 org.apache.catalina.loader.WebappClassLoader validateJarFile
INFO main auto.SystemUtil - br=信息: validateJarFile(/new/tomcat_dwat_temp/webapps/dwat/WEB-INF/lib/selenium-html-runner-3.8.1.jar) - jar not loaded. See Servlet Spec 2.3, section 9.7.2. Offending class: javax/servlet/Servlet.class
INFO main auto.SystemUtil - br==dwat 2020-08-07 08:27:10,452 INFO org.springframework.web.context.ContextLoader.initWebApplicationContext(ContextLoader.java:305) -Root WebApplicationContext: initialization started
INFO main auto.SystemUtil - br==dwat 2020-08-07 08:27:10,640 INFO org.springframework.context.support.AbstractApplicationContext.prepareRefresh(AbstractApplicationContext.java:578) -Refreshing Root WebApplicationContext: startup date [Fri Aug 07 08:27:10 CST 2020]; root of context hierarchy
INFO main auto.SystemUtil - br==dwat 2020-08-07 08:27:10,723 INFO org.springframework.beans.factory.xml.XmlBeanDefinitionReader.loadBeanDefinitions(XmlBeanDefinitionReader.java:317) -Loading XML bean definitions from ServletContext resource [/WEB-INF/applicationContext.xml]
INFO main auto.SystemUtil - br==dwat 2020-08-07 08:27:11,152 INFO org.springframework.web.context.ContextLoader.initWebApplicationContext(ContextLoader.java:345) -Root WebApplicationContext: initialization completed in 695 ms
INFO main auto.SystemUtil - br==dwat 2020-08-07 08:27:11,353 INFO com.dareway.framework.deployConfig.DeployPlugIn.addContent(DeployPlugIn.java:82) -====================================================================
INFO main auto.SystemUtil - br==dwat 2020-08-07 08:27:11,353 INFO com.dareway.framework.deployConfig.DeployPlugIn.addContent(DeployPlugIn.java:83) -========== 《FE/BE模式》配置加载完成，加载的配置信息如下：   ===================
INFO main auto.SystemUtil - br==dwat 2020-08-07 08:27:11,354 INFO com.dareway.framework.deployConfig.DeployPlugIn.addContent(DeployPlugIn.java:84) ---------------------------------------------------------------------
INFO main auto.SystemUtil - br==dwat 2020-08-07 08:27:11,354 INFO com.dareway.framework.deployConfig.DeployPlugIn.addContent(DeployPlugIn.java:85) -== DEPLOY_AS_FE         : false
INFO main auto.SystemUtil - br==dwat 2020-08-07 08:27:11,354 INFO com.dareway.framework.deployConfig.DeployPlugIn.addContent(DeployPlugIn.java:93) -== DEPLOY_AS_LESB_FE    : false
INFO main auto.SystemUtil - br==dwat 2020-08-07 08:27:11,355 INFO com.dareway.framework.deployConfig.DeployPlugIn.addContent(DeployPlugIn.java:100) ---------------------------------------------------------------------
INFO main auto.SystemUtil - br==dwat 2020-08-07 08:27:11,355 INFO com.dareway.framework.deployConfig.DeployPlugIn.addContent(DeployPlugIn.java:101) -=====================================================================
INFO main auto.SystemUtil - br==dwat 2020-08-07 08:27:11,369 INFO org.springframework.context.support.AbstractApplicationContext.prepareRefresh(AbstractApplicationContext.java:578) -Refreshing org.springframework.context.support.FileSystemXmlApplicationContext@6a42a6eb: startup date [Fri Aug 07 08:27:11 CST 2020]; root of context hierarchy
INFO main auto.SystemUtil - br==dwat 2020-08-07 08:27:11,373 INFO org.springframework.beans.factory.xml.XmlBeanDefinitionReader.loadBeanDefinitions(XmlBeanDefinitionReader.java:317) -Loading XML bean definitions from file [/new/tomcat_dwat_temp/bin/dwconf/dwat/applicationContext-jdbc.xml]
INFO main auto.SystemUtil - br==dwat 2020-08-07 08:27:29,994 INFO com.alibaba.druid.pool.DruidDataSource.init(DruidDataSource.java:652) -{dataSource-1} inited
INFO main auto.SystemUtil - br==dwat 2020-08-07 08:27:30,132 INFO com.alibaba.druid.pool.DruidDataSource.init(DruidDataSource.java:652) -{dataSource-2} inited
INFO main auto.SystemUtil - br==dwat 2020-08-07 08:27:33,280 INFO com.alibaba.druid.pool.DruidDataSource.init(DruidDataSource.java:652) -{dataSource-3} inited
INFO main auto.SystemUtil - br==dwat 2020-08-07 08:27:34,002 INFO com.alibaba.druid.pool.DruidDataSource.init(DruidDataSource.java:652) -{dataSource-4} inited
INFO main auto.SystemUtil - br==dwat 2020-08-07 08:27:34,114 INFO com.alibaba.druid.pool.DruidDataSource.init(DruidDataSource.java:652) -{dataSource-5} inited
INFO main auto.SystemUtil - br==dwat 2020-08-07 08:27:34,839 INFO com.alibaba.druid.pool.DruidDataSource.init(DruidDataSource.java:652) -{dataSource-6} inited
INFO main auto.SystemUtil - br==dwat 2020-08-07 08:27:34,941 INFO com.alibaba.druid.pool.DruidDataSource.init(DruidDataSource.java:652) -{dataSource-7} inited
INFO main auto.SystemUtil - br==dwat 2020-08-07 08:27:36,310 INFO com.alibaba.druid.pool.DruidDataSource.init(DruidDataSource.java:652) -{dataSource-8} inited
INFO main auto.SystemUtil - br==dwat 2020-08-07 08:27:37,442 INFO com.alibaba.druid.pool.DruidDataSource.init(DruidDataSource.java:652) -{dataSource-9} inited
INFO main auto.SystemUtil - br==dwat 2020-08-07 08:27:38,450 INFO com.alibaba.druid.pool.DruidDataSource.init(DruidDataSource.java:652) -{dataSource-10} inited
INFO main auto.SystemUtil - br==dwat 2020-08-07 08:27:38,626 INFO com.alibaba.druid.pool.DruidDataSource.init(DruidDataSource.java:652) -{dataSource-11} inited
INFO main auto.SystemUtil - br==dwat 2020-08-07 08:27:38,628 INFO com.dareway.framework.util.database.DatabaseSessionUtil.getDataSource(DatabaseSessionUtil.java:76) -===============================================================
INFO main auto.SystemUtil - br==dwat 2020-08-07 08:27:38,629 INFO com.dareway.framework.util.database.DatabaseSessionUtil.getDataSource(DatabaseSessionUtil.java:77) -DataSource类型：com.alibaba.druid.pool.DruidDataSource
INFO main auto.SystemUtil - br==dwat 2020-08-07 08:27:38,629 INFO com.dareway.framework.util.database.DatabaseSessionUtil.getDataSource(DatabaseSessionUtil.java:78) -===============================================================
INFO main auto.SystemUtil - br==dwat 2020-08-07 08:27:38,955 INFO com.dareway.framework.enviromentUtil.EnvironmentParaPlugin.addContent(EnvironmentParaPlugin.java:88) -====================================================================
INFO main auto.SystemUtil - br==dwat 2020-08-07 08:27:38,956 INFO com.dareway.framework.enviromentUtil.EnvironmentParaPlugin.addContent(EnvironmentParaPlugin.java:89) -========= SQL客户化配置加载完成，加载的配置信息如下：   ================
INFO main auto.SystemUtil - br==dwat 2020-08-07 08:27:38,956 INFO com.dareway.framework.enviromentUtil.EnvironmentParaPlugin.addContent(EnvironmentParaPlugin.java:90) -== EXTEND_MODE            : false ===========
INFO main auto.SystemUtil - br==dwat 2020-08-07 08:27:38,957 INFO com.dareway.framework.enviromentUtil.EnvironmentParaPlugin.addContent(EnvironmentParaPlugin.java:91) -== USERS                  :   ========
INFO main auto.SystemUtil - br==dwat 2020-08-07 08:27:38,957 INFO com.dareway.framework.enviromentUtil.EnvironmentParaPlugin.addContent(EnvironmentParaPlugin.java:92) -=====================================================================
INFO main auto.SystemUtil - br==dwat 2020-08-07 08:27:38,985 WARN com.dareway.framework.pne.PnePlugIn.addContent(PnePlugIn.java:32) -===================================================
INFO main auto.SystemUtil - br==dwat 2020-08-07 08:27:38,986 WARN com.dareway.framework.pne.PnePlugIn.addContent(PnePlugIn.java:33) -==== 《公网加密协议PNP》 所需配置文件（dwconf/dwat/bizSceneLoggerPlugin.xml）不存在
INFO main auto.SystemUtil - br==dwat 2020-08-07 08:27:38,986 WARN com.dareway.framework.pne.PnePlugIn.addContent(PnePlugIn.java:34) -==== 若系统没有使用 《公网加密协议PNP》，请忽略此条信息 ========
INFO main auto.SystemUtil - br==dwat 2020-08-07 08:27:38,986 WARN com.dareway.framework.pne.PnePlugIn.addContent(PnePlugIn.java:35) -===================================================
INFO main auto.SystemUtil - br==dwat 2020-08-07 08:27:39,198 INFO org.springframework.beans.factory.xml.XmlBeanDefinitionReader.loadBeanDefinitions(XmlBeanDefinitionReader.java:317) -Loading XML bean definitions from InputStream resource [resource loaded through InputStream]
INFO main auto.SystemUtil - br==dwat 2020-08-07 08:27:42,821 INFO org.activiti.engine.impl.ProcessEngineImpl.<init>(ProcessEngineImpl.java:79) -ProcessEngine default created
INFO main auto.SystemUtil - br==dwat 2020-08-07 08:27:42,929 WARN com.dareway.framework.bizscene.plugin.BizSceneLoggerPlugIn.addContent(BizSceneLoggerPlugIn.java:45) -=================================================
INFO main auto.SystemUtil - br==dwat 2020-08-07 08:27:42,930 WARN com.dareway.framework.bizscene.plugin.BizSceneLoggerPlugIn.addContent(BizSceneLoggerPlugIn.java:46) -== 《业务场景还原》 所需配置文件（dwconf/dwat/bizSceneLoggerPlugin.xml）不存在 
INFO main auto.SystemUtil - br==dwat 2020-08-07 08:27:42,930 WARN com.dareway.framework.bizscene.plugin.BizSceneLoggerPlugIn.addContent(BizSceneLoggerPlugIn.java:47) -== 若系统没有使用 《业务场景还原》，请忽略此条信息 ===========
INFO main auto.SystemUtil - br==dwat 2020-08-07 08:27:42,930 WARN com.dareway.framework.bizscene.plugin.BizSceneLoggerPlugIn.addContent(BizSceneLoggerPlugIn.java:48) -=================================================
INFO main auto.SystemUtil - br==dwat 2020-08-07 08:27:42,962 INFO com.dareway.framework.util.database.DatabaseSessionUtil.getDataSource(DatabaseSessionUtil.java:76) -===============================================================
INFO main auto.SystemUtil - br==dwat 2020-08-07 08:27:42,962 INFO com.dareway.framework.util.database.DatabaseSessionUtil.getDataSource(DatabaseSessionUtil.java:77) -DataSource类型：com.alibaba.druid.pool.DruidDataSource
INFO main auto.SystemUtil - br==dwat 2020-08-07 08:27:42,963 INFO com.dareway.framework.util.database.DatabaseSessionUtil.getDataSource(DatabaseSessionUtil.java:78) -===============================================================
INFO main auto.SystemUtil - br=10.1.10.21
INFO main auto.SystemUtil - br=8899
INFO main auto.SystemUtil - br=<<<<<<<<<<<<<<<<<<<<<<<<<<<<<<<<<<<<<<<<<<<<<<
INFO main auto.SystemUtil - br==dwat 2020-08-07 08:27:42,987 INFO com.dareway.apps.defaultPlugin.TimedTaskPlugIn.addContent(TimedTaskPlugIn.java:80) -LOGaddress：10.1.10.21
INFO main auto.SystemUtil - br=address：10.1.10.21
INFO main auto.SystemUtil - br=<<<<<<<<<<<<<<<<<<<<<<<<<<<<<<<<<<<<<<<<<<<<<<
INFO main auto.SystemUtil - br==dwat 2020-08-07 08:27:42,996 INFO com.dareway.lesb.servlet.LesbConfigListener.loadLesbConfig(LesbConfigListener.java:99) -加载总线配置文件开始，加载类【com.dareway.lesb.config.LesbConfigListner3】，配置文件路径【jndi:/localhost/dwat/WEB-INF/dwlesbConfig.properties】
INFO main auto.SystemUtil - br==dwat 2020-08-07 08:27:42,997 INFO com.dareway.lesb.servlet.LesbConfigListener.logConfigItem(LesbConfigListener.java:399) -加载总线配置项【appinstanceid】为：[appid]
INFO main auto.SystemUtil - br==dwat 2020-08-07 08:27:42,997 INFO com.dareway.lesb.servlet.LesbConfigListener.logConfigItem(LesbConfigListener.java:399) -加载总线配置项【appidList】为：
INFO main auto.SystemUtil - br==dwat 2020-08-07 08:27:42,998 INFO com.dareway.lesb.servlet.LesbConfigListener.getAndLogConfigItemValueOrDef(LesbConfigListener.java:415) -加载总线配置项【appidList】为：
INFO main auto.SystemUtil - br==dwat 2020-08-07 08:27:42,998 INFO com.dareway.lesb.servlet.LesbConfigListener.logConfigItem(LesbConfigListener.java:399) -加载总线配置项【jmsserver】为：调用总线获取(jmsserver)
INFO main auto.SystemUtil - br==dwat 2020-08-07 08:27:42,998 INFO com.dareway.lesb.servlet.LesbConfigListener.logConfigItem(LesbConfigListener.java:399) -加载总线配置项【uddiaddress】为：总线配置文件中，【uddiaddress】项为空，将从数据库中加载该地址
INFO main auto.SystemUtil - br==dwat 2020-08-07 08:27:42,999 INFO com.dareway.lesb.servlet.LesbConfigListener.getAndLogConfigItemValueOrDef(LesbConfigListener.java:464) -加载总线配置项【netAble】原始值为【true】，有效值为：true
INFO main auto.SystemUtil - br==dwat 2020-08-07 08:27:42,999 INFO com.dareway.lesb.servlet.LesbConfigListener.getAndLogConfigItemValueOrDef(LesbConfigListener.java:464) -加载总线配置项【netReuseHttpClient】原始值为【false】，有效值为：false
INFO main auto.SystemUtil - br==dwat 2020-08-07 08:27:43,000 INFO com.dareway.lesb.servlet.LesbConfigListener.getAndLogConfigItemValueOrDef(LesbConfigListener.java:464) -加载总线配置项【isSaveMsgNewsHis】原始值为【true】，有效值为：true
INFO main auto.SystemUtil - br==dwat 2020-08-07 08:27:43,000 INFO com.dareway.lesb.servlet.LesbConfigListener.getAndLogConfigItemValueOrDef(LesbConfigListener.java:459) -总线配置文件中，【msgAble】项为空，使用默认值：false
INFO main auto.SystemUtil - br==dwat 2020-08-07 08:27:43,000 INFO com.dareway.lesb.servlet.LesbConfigListener.getAndLogConfigItemValueOrDef(LesbConfigListener.java:459) -总线配置文件中，【esbdebug】项为空，使用默认值：false
INFO main auto.SystemUtil - br==dwat 2020-08-07 08:27:43,001 INFO com.dareway.lesb.servlet.LesbConfigListener.getAndLogConfigItemValueOrDef(LesbConfigListener.java:459) -总线配置文件中，【dwpspproxy_enable】项为空，使用默认值：false
INFO main auto.SystemUtil - br==dwat 2020-08-07 08:27:43,001 INFO com.dareway.lesb.servlet.LesbConfigListener.getAndLogConfigItemValueOrDef(LesbConfigListener.java:459) -总线配置文件中，【esblog】项为空，使用默认值：false
INFO main auto.SystemUtil - br==dwat 2020-08-07 08:27:43,002 INFO com.dareway.lesb.servlet.LesbConfigListener.getAndLogConfigItemValueOrDef(LesbConfigListener.java:429) -总线配置文件中，【defaulttimeout】项为空，使用默认值：60
INFO main auto.SystemUtil - br==dwat 2020-08-07 08:27:43,007 INFO com.dareway.lesb.servlet.LesbConfigListener.logConfigItem(LesbConfigListener.java:399) -加载总线配置项【dwpspproxy_licenseKey】为：公共服务平台代理授权码
INFO main auto.SystemUtil - br==dwat 2020-08-07 08:27:43,009 INFO com.dareway.lesb.servlet.LesbConfigListener.loadLesbConfig(LesbConfigListener.java:165) -加载总线配置文件结束
INFO main auto.SystemUtil - br==dwat 2020-08-07 08:27:43,085 INFO com.dareway.lesb.servlet.LesbConfigListener.loadLesbConfig(LesbConfigListener.java:172) -总线地址加载成功：http://10.1.10.21:10000/dwlesbserver/services/uddi
INFO main auto.SystemUtil - br==dwat 2020-08-07 08:27:43,147 INFO org.springframework.web.servlet.FrameworkServlet.initServletBean(FrameworkServlet.java:488) -FrameworkServlet 'dwat': initialization started
INFO main auto.SystemUtil - br==dwat 2020-08-07 08:27:43,154 INFO org.springframework.context.support.AbstractApplicationContext.prepareRefresh(AbstractApplicationContext.java:578) -Refreshing WebApplicationContext for namespace 'dwat-servlet': startup date [Fri Aug 07 08:27:43 CST 2020]; parent: Root WebApplicationContext
INFO main auto.SystemUtil - br==dwat 2020-08-07 08:27:43,156 INFO org.springframework.beans.factory.xml.XmlBeanDefinitionReader.loadBeanDefinitions(XmlBeanDefinitionReader.java:317) -Loading XML bean definitions from ServletContext resource [/WEB-INF/dwat-servlet.xml]
INFO main auto.SystemUtil - br==dwat 2020-08-07 08:27:43,182 INFO org.springframework.beans.factory.xml.XmlBeanDefinitionReader.loadBeanDefinitions(XmlBeanDefinitionReader.java:317) -Loading XML bean definitions from ServletContext resource [/WEB-INF/material-servlet.xml]
INFO main auto.SystemUtil - br==dwat 2020-08-07 08:27:43,189 INFO org.springframework.beans.factory.xml.XmlBeanDefinitionReader.loadBeanDefinitions(XmlBeanDefinitionReader.java:317) -Loading XML bean definitions from ServletContext resource [/WEB-INF/frame-servlet.xml]
INFO main auto.SystemUtil - br==dwat 2020-08-07 08:27:43,465 INFO org.springframework.web.servlet.handler.AbstractUrlHandlerMapping.registerHandler(AbstractUrlHandlerMapping.java:341) -Mapped URL path [/tmp.do] onto handler 'tmp'
INFO main auto.SystemUtil - br==dwat 2020-08-07 08:27:43,469 INFO org.springframework.web.servlet.handler.AbstractUrlHandlerMapping.registerHandler(AbstractUrlHandlerMapping.java:341) -Mapped URL path [/tmTest.do] onto handler 'tmTest'
INFO main auto.SystemUtil - br==dwat 2020-08-07 08:27:43,475 INFO org.springframework.web.servlet.handler.AbstractUrlHandlerMapping.registerHandler(AbstractUrlHandlerMapping.java:341) -Mapped URL path [/functionTest.do] onto handler 'autTestCase'
INFO main auto.SystemUtil - br==dwat 2020-08-07 08:27:43,478 INFO org.springframework.web.servlet.handler.AbstractUrlHandlerMapping.registerHandler(AbstractUrlHandlerMapping.java:341) -Mapped URL path [/authMgr.do] onto handler 'authMgr'
INFO main auto.SystemUtil - br==dwat 2020-08-07 08:27:43,480 INFO org.springframework.web.servlet.handler.AbstractUrlHandlerMapping.registerHandler(AbstractUrlHandlerMapping.java:341) -Mapped URL path [/functionExpand.do] onto handler 'functionExpand'
INFO main auto.SystemUtil - br==dwat 2020-08-07 08:27:43,487 INFO org.springframework.web.servlet.handler.AbstractUrlHandlerMapping.registerHandler(AbstractUrlHandlerMapping.java:341) -Mapped URL path [/fbManage.do] onto handler 'sealversion'
INFO main auto.SystemUtil - br==dwat 2020-08-07 08:27:43,491 INFO org.springframework.web.servlet.handler.AbstractUrlHandlerMapping.registerHandler(AbstractUrlHandlerMapping.java:341) -Mapped URL path [/auttmPub.do] onto handler 'auttmPub'
INFO main auto.SystemUtil - br==dwat 2020-08-07 08:27:43,494 INFO org.springframework.web.servlet.handler.AbstractUrlHandlerMapping.registerHandler(AbstractUrlHandlerMapping.java:341) -Mapped URL path [/tbDisplay.do] onto handler 'tbDisplay'
INFO main auto.SystemUtil - br==dwat 2020-08-07 08:27:43,502 INFO org.springframework.web.servlet.handler.AbstractUrlHandlerMapping.registerHandler(AbstractUrlHandlerMapping.java:341) -Mapped URL path [/queryCount.do] onto handler 'job'
INFO main auto.SystemUtil - br==dwat 2020-08-07 08:27:43,504 INFO org.springframework.web.servlet.handler.AbstractUrlHandlerMapping.registerHandler(AbstractUrlHandlerMapping.java:341) -Mapped URL path [/pointRegression.do] onto handler 'pointRegression'
INFO main auto.SystemUtil - br==dwat 2020-08-07 08:27:43,512 INFO org.springframework.web.servlet.handler.AbstractUrlHandlerMapping.registerHandler(AbstractUrlHandlerMapping.java:341) -Mapped URL path [/performanceCheck.do] onto handler 'performance'
INFO main auto.SystemUtil - br==dwat 2020-08-07 08:27:43,514 INFO org.springframework.web.servlet.handler.AbstractUrlHandlerMapping.registerHandler(AbstractUrlHandlerMapping.java:341) -Mapped URL path [/autobuild.do] onto handler 'autobuild'
INFO main auto.SystemUtil - br==dwat 2020-08-07 08:27:43,516 INFO org.springframework.web.servlet.handler.AbstractUrlHandlerMapping.registerHandler(AbstractUrlHandlerMapping.java:341) -Mapped URL path [/tbTest.do] onto handler 'tbTest'
INFO main auto.SystemUtil - br==dwat 2020-08-07 08:27:43,519 INFO org.springframework.web.servlet.handler.AbstractUrlHandlerMapping.registerHandler(AbstractUrlHandlerMapping.java:341) -Mapped URL path [/zdhLine.do] onto handler 'zdhLine'
INFO main auto.SystemUtil - br==dwat 2020-08-07 08:27:43,521 INFO org.springframework.web.servlet.handler.AbstractUrlHandlerMapping.registerHandler(AbstractUrlHandlerMapping.java:341) -Mapped URL path [/pointroot.do] onto handler 'pointroot'
INFO main auto.SystemUtil - br==dwat 2020-08-07 08:27:43,524 INFO org.springframework.web.servlet.handler.AbstractUrlHandlerMapping.registerHandler(AbstractUrlHandlerMapping.java:341) -Mapped URL path [/pointRun.do] onto handler 'pointRun'
INFO main auto.SystemUtil - br==dwat 2020-08-07 08:27:43,527 INFO org.springframework.web.servlet.handler.AbstractUrlHandlerMapping.registerHandler(AbstractUrlHandlerMapping.java:341) -Mapped URL path [/fbTest.do] onto handler 'fbTest'
INFO main auto.SystemUtil - br==dwat 2020-08-07 08:27:43,532 INFO org.springframework.web.servlet.handler.AbstractUrlHandlerMapping.registerHandler(AbstractUrlHandlerMapping.java:341) -Mapped URL path [/TestData.do] onto handler 'TestData'
INFO main auto.SystemUtil - br==dwat 2020-08-07 08:27:43,545 INFO org.springframework.web.servlet.handler.AbstractUrlHandlerMapping.registerHandler(AbstractUrlHandlerMapping.java:341) -Mapped URL path [/appManage.do] onto handler 'appManage'
INFO main auto.SystemUtil - br==dwat 2020-08-07 08:27:43,568 INFO org.springframework.web.servlet.handler.AbstractUrlHandlerMapping.registerHandler(AbstractUrlHandlerMapping.java:341) -Mapped URL path [/testMouldSN.do] onto handler 'testMouldSN'
INFO main auto.SystemUtil - br==dwat 2020-08-07 08:27:43,579 INFO org.springframework.web.servlet.handler.AbstractUrlHandlerMapping.registerHandler(AbstractUrlHandlerMapping.java:341) -Mapped URL path [/mainQueryTree.do] onto handler 'mainQueryTree'
INFO main auto.SystemUtil - br==dwat 2020-08-07 08:27:43,588 INFO org.springframework.web.servlet.handler.AbstractUrlHandlerMapping.registerHandler(AbstractUrlHandlerMapping.java:341) -Mapped URL path [/asoChange.do] onto handler 'asoChange'
INFO main auto.SystemUtil - br==dwat 2020-08-07 08:27:43,592 INFO org.springframework.web.servlet.handler.AbstractUrlHandlerMapping.registerHandler(AbstractUrlHandlerMapping.java:341) -Mapped URL path [/cpk.do] onto handler 'cpk'
INFO main auto.SystemUtil - br==dwat 2020-08-07 08:27:43,613 INFO org.springframework.web.servlet.handler.AbstractUrlHandlerMapping.registerHandler(AbstractUrlHandlerMapping.java:341) -Mapped URL path [/fwtcCatalog.do] onto handler 'fwtestcase'
INFO main auto.SystemUtil - br==dwat 2020-08-07 08:27:43,615 INFO org.springframework.web.servlet.handler.AbstractUrlHandlerMapping.registerHandler(AbstractUrlHandlerMapping.java:341) -Mapped URL path [/tbBuild.do] onto handler 'tbBuild'
INFO main auto.SystemUtil - br==dwat 2020-08-07 08:27:43,618 INFO org.springframework.web.servlet.handler.AbstractUrlHandlerMapping.registerHandler(AbstractUrlHandlerMapping.java:341) -Mapped URL path [/fwChange.do] onto handler 'fwChange'
INFO main auto.SystemUtil - br==dwat 2020-08-07 08:27:43,619 INFO org.springframework.web.servlet.handler.AbstractUrlHandlerMapping.registerHandler(AbstractUrlHandlerMapping.java:341) -Mapped URL path [/emailSend.do] onto handler 'emailSend'
INFO main auto.SystemUtil - br==dwat 2020-08-07 08:27:43,620 INFO org.springframework.web.servlet.handler.AbstractUrlHandlerMapping.registerHandler(AbstractUrlHandlerMapping.java:341) -Mapped URL path [/sealversion.do] onto handler 'sealversion'
INFO main auto.SystemUtil - br==dwat 2020-08-07 08:27:43,638 INFO org.springframework.web.servlet.handler.AbstractUrlHandlerMapping.registerHandler(AbstractUrlHandlerMapping.java:341) -Mapped URL path [/testTaskManage.do] onto handler 'rw'
INFO main auto.SystemUtil - br==dwat 2020-08-07 08:27:43,640 INFO org.springframework.web.servlet.handler.AbstractUrlHandlerMapping.registerHandler(AbstractUrlHandlerMapping.java:341) -Mapped URL path [/sysManage.do] onto handler 'sysPara'
INFO main auto.SystemUtil - br==dwat 2020-08-07 08:27:43,641 INFO org.springframework.web.servlet.handler.AbstractUrlHandlerMapping.registerHandler(AbstractUrlHandlerMapping.java:341) -Mapped URL path [/testProjectManage.do] onto handler 'tpmanage'
INFO main auto.SystemUtil - br==dwat 2020-08-07 08:27:43,643 INFO org.springframework.web.servlet.handler.AbstractUrlHandlerMapping.registerHandler(AbstractUrlHandlerMapping.java:341) -Mapped URL path [/codespecificationcheck.do] onto handler 'codespecificationcheck'
INFO main auto.SystemUtil - br==dwat 2020-08-07 08:27:43,644 INFO org.springframework.web.servlet.handler.AbstractUrlHandlerMapping.registerHandler(AbstractUrlHandlerMapping.java:341) -Mapped URL path [/sqlUpdate.do] onto handler 'sqlUpdate'
INFO main auto.SystemUtil - br==dwat 2020-08-07 08:27:43,648 INFO org.springframework.web.servlet.handler.AbstractUrlHandlerMapping.registerHandler(AbstractUrlHandlerMapping.java:341) -Mapped URL path [/logon.do] onto handler 'logon'
INFO main auto.SystemUtil - br==dwat 2020-08-07 08:27:43,649 INFO org.springframework.web.servlet.handler.AbstractUrlHandlerMapping.registerHandler(AbstractUrlHandlerMapping.java:341) -Mapped URL path [/dsAsoIssue.do] onto handler 'dsAsoIssue'
INFO main auto.SystemUtil - br==dwat 2020-08-07 08:27:43,651 INFO org.springframework.web.servlet.handler.AbstractUrlHandlerMapping.registerHandler(AbstractUrlHandlerMapping.java:341) -Mapped URL path [/tbManager.do] onto handler 'tbManager'
INFO main auto.SystemUtil - br==dwat 2020-08-07 08:27:43,653 INFO org.springframework.web.servlet.handler.AbstractUrlHandlerMapping.registerHandler(AbstractUrlHandlerMapping.java:341) -Mapped URL path [/pcCatalog.do] onto handler 'pointcase'
INFO main auto.SystemUtil - br==dwat 2020-08-07 08:27:43,654 INFO org.springframework.web.servlet.handler.AbstractUrlHandlerMapping.registerHandler(AbstractUrlHandlerMapping.java:341) -Mapped URL path [/performance.do] onto handler 'performance'
INFO main auto.SystemUtil - br==dwat 2020-08-07 08:27:43,658 INFO org.springframework.web.servlet.handler.AbstractUrlHandlerMapping.registerHandler(AbstractUrlHandlerMapping.java:341) -Mapped URL path [/serviceTest.do] onto handler 'serviceTest'
INFO main auto.SystemUtil - br==dwat 2020-08-07 08:27:43,660 INFO org.springframework.web.servlet.handler.AbstractUrlHandlerMapping.registerHandler(AbstractUrlHandlerMapping.java:341) -Mapped URL path [/testLine.do] onto handler 'testLine'
INFO main auto.SystemUtil - br==dwat 2020-08-07 08:27:43,661 INFO org.springframework.web.servlet.handler.AbstractUrlHandlerMapping.registerHandler(AbstractUrlHandlerMapping.java:341) -Mapped URL path [/testDataManage.do] onto handler 'TestData'
INFO main auto.SystemUtil - br==dwat 2020-08-07 08:27:43,668 INFO org.springframework.web.servlet.handler.AbstractUrlHandlerMapping.registerHandler(AbstractUrlHandlerMapping.java:341) -Mapped URL path [/workTest.do] onto handler 'workTest'
INFO main auto.SystemUtil - br==dwat 2020-08-07 08:27:43,675 INFO org.springframework.web.servlet.handler.AbstractUrlHandlerMapping.registerHandler(AbstractUrlHandlerMapping.java:341) -Mapped URL path [/snapManage.do] onto handler 'snapManage'
INFO main auto.SystemUtil - br==dwat 2020-08-07 08:27:43,677 INFO org.springframework.web.servlet.handler.AbstractUrlHandlerMapping.registerHandler(AbstractUrlHandlerMapping.java:341) -Mapped URL path [/pointMouldSN.do] onto handler 'pointMouldSN'
INFO main auto.SystemUtil - br==dwat 2020-08-07 08:27:43,682 INFO org.springframework.web.servlet.handler.AbstractUrlHandlerMapping.registerHandler(AbstractUrlHandlerMapping.java:341) -Mapped URL path [/regressionTest.do] onto handler 'regressionTest'
INFO main auto.SystemUtil - br==dwat 2020-08-07 08:27:43,682 INFO org.springframework.web.servlet.handler.AbstractUrlHandlerMapping.registerHandler(AbstractUrlHandlerMapping.java:341) -Mapped URL path [/rwManage.do] onto handler 'rw'
INFO main auto.SystemUtil - br==dwat 2020-08-07 08:27:43,683 INFO org.springframework.web.servlet.handler.AbstractUrlHandlerMapping.registerHandler(AbstractUrlHandlerMapping.java:341) -Mapped URL path [/asoTest.do] onto handler 'asoChange'
INFO main auto.SystemUtil - br==dwat 2020-08-07 08:27:43,683 INFO org.springframework.web.servlet.handler.AbstractUrlHandlerMapping.registerHandler(AbstractUrlHandlerMapping.java:341) -Mapped URL path [/sysPara.do] onto handler 'sysPara'
INFO main auto.SystemUtil - br==dwat 2020-08-07 08:27:43,686 INFO org.springframework.web.servlet.handler.AbstractUrlHandlerMapping.registerHandler(AbstractUrlHandlerMapping.java:341) -Mapped URL path [/tmPub.do] onto handler 'tmPub'
INFO main auto.SystemUtil - br==dwat 2020-08-07 08:27:43,687 INFO org.springframework.web.servlet.handler.AbstractUrlHandlerMapping.registerHandler(AbstractUrlHandlerMapping.java:341) -Mapped URL path [/jobManage.do] onto handler 'job'
INFO main auto.SystemUtil - br==dwat 2020-08-07 08:27:43,692 INFO org.springframework.web.servlet.handler.AbstractUrlHandlerMapping.registerHandler(AbstractUrlHandlerMapping.java:341) -Mapped URL path [/tcCatalog.do] onto handler 'testcase'
INFO main auto.SystemUtil - br==dwat 2020-08-07 08:27:43,696 INFO org.springframework.web.servlet.handler.AbstractUrlHandlerMapping.registerHandler(AbstractUrlHandlerMapping.java:341) -Mapped URL path [/zdhMould.do] onto handler 'zdhMould'
INFO main auto.SystemUtil - br==dwat 2020-08-07 08:27:43,697 INFO org.springframework.web.servlet.handler.AbstractUrlHandlerMapping.registerHandler(AbstractUrlHandlerMapping.java:341) -Mapped URL path [/tpmanage.do] onto handler 'tpmanage'
INFO main auto.SystemUtil - br==dwat 2020-08-07 08:27:43,699 INFO org.springframework.web.servlet.handler.AbstractUrlHandlerMapping.registerHandler(AbstractUrlHandlerMapping.java:341) -Mapped URL path [/pointMould.do] onto handler 'pointMould'
INFO main auto.SystemUtil - br==dwat 2020-08-07 08:27:43,700 INFO org.springframework.web.servlet.handler.AbstractUrlHandlerMapping.registerHandler(AbstractUrlHandlerMapping.java:341) -Mapped URL path [/queryTestCase.do] onto handler 'queryTestCase'
INFO main auto.SystemUtil - br==dwat 2020-08-07 08:27:43,705 INFO org.springframework.web.servlet.handler.AbstractUrlHandlerMapping.registerHandler(AbstractUrlHandlerMapping.java:341) -Mapped URL path [/lov.do] onto handler 'lov'
INFO main auto.SystemUtil - br==dwat 2020-08-07 08:27:43,708 INFO org.springframework.web.servlet.handler.AbstractUrlHandlerMapping.registerHandler(AbstractUrlHandlerMapping.java:341) -Mapped URL path [/zdhChange.do] onto handler 'zdhChange'
INFO main auto.SystemUtil - br==dwat 2020-08-07 08:27:43,711 INFO org.springframework.web.servlet.handler.AbstractUrlHandlerMapping.registerHandler(AbstractUrlHandlerMapping.java:341) -Mapped URL path [/functionAt.do] onto handler 'functionAt'
INFO main auto.SystemUtil - br==dwat 2020-08-07 08:27:43,716 INFO org.springframework.web.servlet.handler.AbstractUrlHandlerMapping.registerHandler(AbstractUrlHandlerMapping.java:341) -Mapped URL path [/zdhcase.do] onto handler 'zdhcase'
INFO main auto.SystemUtil - br==dwat 2020-08-07 08:27:43,717 INFO org.springframework.web.servlet.handler.AbstractUrlHandlerMapping.registerHandler(AbstractUrlHandlerMapping.java:341) -Mapped URL path [/autTestCase.do] onto handler 'autTestCase'
INFO main auto.SystemUtil - br==dwat 2020-08-07 08:27:43,719 INFO org.springframework.web.servlet.handler.AbstractUrlHandlerMapping.registerHandler(AbstractUrlHandlerMapping.java:341) -Mapped URL path [/pointManage.do] onto handler 'pointManage'
INFO main auto.SystemUtil - br==dwat 2020-08-07 08:27:43,722 INFO org.springframework.web.servlet.handler.AbstractUrlHandlerMapping.registerHandler(AbstractUrlHandlerMapping.java:341) -Mapped URL path [/case.do] onto handler 'case'
INFO main auto.SystemUtil - br==dwat 2020-08-07 08:27:43,723 INFO org.springframework.web.servlet.handler.AbstractUrlHandlerMapping.registerHandler(AbstractUrlHandlerMapping.java:341) -Mapped URL path [/pointTest.do] onto handler 'case'
INFO main auto.SystemUtil - br==dwat 2020-08-07 08:27:43,730 INFO org.springframework.web.servlet.handler.AbstractUrlHandlerMapping.registerHandler(AbstractUrlHandlerMapping.java:341) -Mapped URL path [/testMould.do] onto handler 'testMould'
INFO main auto.SystemUtil - br==dwat 2020-08-07 08:27:43,731 INFO org.springframework.web.servlet.handler.AbstractUrlHandlerMapping.registerHandler(AbstractUrlHandlerMapping.java:341) -Mapped URL path [/workpTest.do] onto handler 'workTest'
INFO main auto.SystemUtil - br==dwat 2020-08-07 08:27:43,733 INFO org.springframework.web.servlet.handler.AbstractUrlHandlerMapping.registerHandler(AbstractUrlHandlerMapping.java:341) -Mapped URL path [/run.do] onto handler 'run'
INFO main auto.SystemUtil - br==dwat 2020-08-07 08:27:43,734 INFO org.springframework.web.servlet.handler.AbstractUrlHandlerMapping.registerHandler(AbstractUrlHandlerMapping.java:341) -Mapped URL path [/testReportManage.do] onto handler 'fbTest'
INFO main auto.SystemUtil - br==dwat 2020-08-07 08:27:43,735 INFO org.springframework.web.servlet.handler.AbstractUrlHandlerMapping.registerHandler(AbstractUrlHandlerMapping.java:341) -Mapped URL path [/stdPd.do] onto handler 'stdPd'
INFO main auto.SystemUtil - br==dwat 2020-08-07 08:27:43,739 INFO org.springframework.web.servlet.handler.AbstractUrlHandlerMapping.registerHandler(AbstractUrlHandlerMapping.java:341) -Mapped URL path [/viewBM.do] onto handler 'viewBM'
INFO main auto.SystemUtil - br==dwat 2020-08-07 08:27:43,744 INFO org.springframework.web.servlet.handler.AbstractUrlHandlerMapping.registerHandler(AbstractUrlHandlerMapping.java:341) -Mapped URL path [/sig.do] onto handler 'sig'
INFO main auto.SystemUtil - br==dwat 2020-08-07 08:27:43,747 INFO org.springframework.web.servlet.handler.AbstractUrlHandlerMapping.registerHandler(AbstractUrlHandlerMapping.java:341) -Mapped URL path [/viewEM.do] onto handler 'viewEM'
INFO main auto.SystemUtil - br==dwat 2020-08-07 08:27:43,749 INFO org.springframework.web.servlet.handler.AbstractUrlHandlerMapping.registerHandler(AbstractUrlHandlerMapping.java:341) -Mapped URL path [/checkbmd.do] onto handler 'checkbmd'
INFO main auto.SystemUtil - br==dwat 2020-08-07 08:27:43,756 INFO org.springframework.web.servlet.handler.AbstractUrlHandlerMapping.registerHandler(AbstractUrlHandlerMapping.java:341) -Mapped URL path [/scanpub.do] onto handler 'scanpub'
INFO main auto.SystemUtil - br==dwat 2020-08-07 08:27:43,766 INFO org.springframework.web.servlet.handler.AbstractUrlHandlerMapping.registerHandler(AbstractUrlHandlerMapping.java:341) -Mapped URL path [/process.do] onto handler 'process'
INFO main auto.SystemUtil - br==dwat 2020-08-07 08:27:43,769 INFO org.springframework.web.servlet.handler.AbstractUrlHandlerMapping.registerHandler(AbstractUrlHandlerMapping.java:341) -Mapped URL path [/smartTree.do] onto handler 'smartTree'
INFO main auto.SystemUtil - br==dwat 2020-08-07 08:27:43,771 INFO org.springframework.web.servlet.handler.AbstractUrlHandlerMapping.registerHandler(AbstractUrlHandlerMapping.java:341) -Mapped URL path [/ipay.do] onto handler 'ipay'
INFO main auto.SystemUtil - br==dwat 2020-08-07 08:27:43,772 INFO org.springframework.web.servlet.handler.AbstractUrlHandlerMapping.registerHandler(AbstractUrlHandlerMapping.java:341) -Mapped URL path [/beSql.do] onto handler 'beSql'
INFO main auto.SystemUtil - br==dwat 2020-08-07 08:27:43,773 INFO org.springframework.web.servlet.handler.AbstractUrlHandlerMapping.registerHandler(AbstractUrlHandlerMapping.java:341) -Mapped URL path [/analysisCATFruit.do] onto handler 'analysisCATFruit'
INFO main auto.SystemUtil - br==dwat 2020-08-07 08:27:43,775 INFO org.springframework.web.servlet.handler.AbstractUrlHandlerMapping.registerHandler(AbstractUrlHandlerMapping.java:341) -Mapped URL path [/btlist.do] onto handler 'btlist'
INFO main auto.SystemUtil - br==dwat 2020-08-07 08:27:43,777 INFO org.springframework.web.servlet.handler.AbstractUrlHandlerMapping.registerHandler(AbstractUrlHandlerMapping.java:341) -Mapped URL path [/wlEngine.do] onto handler 'wlEngine'
INFO main auto.SystemUtil - br==dwat 2020-08-07 08:27:43,780 INFO org.springframework.web.servlet.handler.AbstractUrlHandlerMapping.registerHandler(AbstractUrlHandlerMapping.java:341) -Mapped URL path [/systemMonitor.do] onto handler 'systemMonitor'
INFO main auto.SystemUtil - br==dwat 2020-08-07 08:27:43,781 INFO org.springframework.web.servlet.handler.AbstractUrlHandlerMapping.registerHandler(AbstractUrlHandlerMapping.java:341) -Mapped URL path [/mprocessdetail.do] onto handler 'mprocessdetail'
INFO main auto.SystemUtil - br==dwat 2020-08-07 08:27:43,782 INFO org.springframework.web.servlet.handler.AbstractUrlHandlerMapping.registerHandler(AbstractUrlHandlerMapping.java:341) -Mapped URL path [/sPrinter.do] onto handler 'sPrinter'
INFO main auto.SystemUtil - br==dwat 2020-08-07 08:27:43,784 INFO org.springframework.web.servlet.handler.AbstractUrlHandlerMapping.registerHandler(AbstractUrlHandlerMapping.java:341) -Mapped URL path [/businesslist.do] onto handler 'businesslist'
INFO main auto.SystemUtil - br==dwat 2020-08-07 08:27:43,785 INFO org.springframework.web.servlet.handler.AbstractUrlHandlerMapping.registerHandler(AbstractUrlHandlerMapping.java:341) -Mapped URL path [/myztdlc.do] onto handler 'myztdlc'
INFO main auto.SystemUtil - br==dwat 2020-08-07 08:27:43,786 INFO org.springframework.web.servlet.handler.AbstractUrlHandlerMapping.registerHandler(AbstractUrlHandlerMapping.java:341) -Mapped URL path [/multiSelectTree.do] onto handler 'MTree'
INFO main auto.SystemUtil - br==dwat 2020-08-07 08:27:43,787 INFO org.springframework.web.servlet.handler.AbstractUrlHandlerMapping.registerHandler(AbstractUrlHandlerMapping.java:341) -Mapped URL path [/cxsendnews.do] onto handler 'cxsendnews'
INFO main auto.SystemUtil - br==dwat 2020-08-07 08:27:43,806 INFO org.springframework.web.servlet.handler.AbstractUrlHandlerMapping.registerHandler(AbstractUrlHandlerMapping.java:341) -Mapped URL path [/viewerdebug.do] onto handler 'viewerdebug'
INFO main auto.SystemUtil - br==dwat 2020-08-07 08:27:43,812 INFO org.springframework.web.servlet.handler.AbstractUrlHandlerMapping.registerHandler(AbstractUrlHandlerMapping.java:341) -Mapped URL path [/mSearchLovObj.do] onto handler 'mSearchLovObj'
INFO main auto.SystemUtil - br==dwat 2020-08-07 08:27:43,816 INFO org.springframework.web.servlet.handler.AbstractUrlHandlerMapping.registerHandler(AbstractUrlHandlerMapping.java:341) -Mapped URL path [/sefpdavap.do] onto handler 'sefpdavap'
INFO main auto.SystemUtil - br==dwat 2020-08-07 08:27:43,820 INFO org.springframework.web.servlet.handler.AbstractUrlHandlerMapping.registerHandler(AbstractUrlHandlerMapping.java:341) -Mapped URL path [/bizscenelogger.do] onto handler 'bizscenelogger'
INFO main auto.SystemUtil - br==dwat 2020-08-07 08:27:43,821 INFO org.springframework.web.servlet.handler.AbstractUrlHandlerMapping.registerHandler(AbstractUrlHandlerMapping.java:341) -Mapped URL path [/sefpdvap.do] onto handler 'sefpdvap'
INFO main auto.SystemUtil - br==dwat 2020-08-07 08:27:43,822 INFO org.springframework.web.servlet.handler.AbstractUrlHandlerMapping.registerHandler(AbstractUrlHandlerMapping.java:341) -Mapped URL path [/wyztdlc.do] onto handler 'wyztdlc'
INFO main auto.SystemUtil - br==dwat 2020-08-07 08:27:43,823 INFO org.springframework.web.servlet.handler.AbstractUrlHandlerMapping.registerHandler(AbstractUrlHandlerMapping.java:341) -Mapped URL path [/muiform.do] onto handler 'muiform'
INFO main auto.SystemUtil - br==dwat 2020-08-07 08:27:43,825 INFO org.springframework.web.servlet.handler.AbstractUrlHandlerMapping.registerHandler(AbstractUrlHandlerMapping.java:341) -Mapped URL path [/sefpivap.do] onto handler 'sefpivap'
INFO main auto.SystemUtil - br==dwat 2020-08-07 08:27:43,826 INFO org.springframework.web.servlet.handler.AbstractUrlHandlerMapping.registerHandler(AbstractUrlHandlerMapping.java:341) -Mapped URL path [/debugModeLocaion.do] onto handler 'debugModeLocaion'
INFO main auto.SystemUtil - br==dwat 2020-08-07 08:27:43,827 INFO org.springframework.web.servlet.handler.AbstractUrlHandlerMapping.registerHandler(AbstractUrlHandlerMapping.java:341) -Mapped URL path [/ibank.do] onto handler 'ibank'
INFO main auto.SystemUtil - br==dwat 2020-08-07 08:27:43,828 INFO org.springframework.web.servlet.handler.AbstractUrlHandlerMapping.registerHandler(AbstractUrlHandlerMapping.java:341) -Mapped URL path [/sessionMonitor.do] onto handler 'sessionMonitor'
INFO main auto.SystemUtil - br==dwat 2020-08-07 08:27:43,829 INFO org.springframework.web.servlet.handler.AbstractUrlHandlerMapping.registerHandler(AbstractUrlHandlerMapping.java:341) -Mapped URL path [/menuBar.do] onto handler 'menuBar'
INFO main auto.SystemUtil - br==dwat 2020-08-07 08:27:43,893 INFO org.springframework.web.servlet.handler.AbstractUrlHandlerMapping.registerHandler(AbstractUrlHandlerMapping.java:341) -Mapped URL path [/sgrid.do] onto handler 'sgrid'
INFO main auto.SystemUtil - br==dwat 2020-08-07 08:27:43,894 INFO org.springframework.web.servlet.handler.AbstractUrlHandlerMapping.registerHandler(AbstractUrlHandlerMapping.java:341) -Mapped URL path [/flowToken.do] onto handler 'flowToken'
INFO main auto.SystemUtil - br==dwat 2020-08-07 08:27:43,896 INFO org.springframework.web.servlet.handler.AbstractUrlHandlerMapping.registerHandler(AbstractUrlHandlerMapping.java:341) -Mapped URL path [/updateLog.do] onto handler 'updateLog'
INFO main auto.SystemUtil - br==dwat 2020-08-07 08:27:43,898 INFO org.springframework.web.servlet.handler.AbstractUrlHandlerMapping.registerHandler(AbstractUrlHandlerMapping.java:341) -Mapped URL path [/mprocess.do] onto handler 'mprocess'
INFO main auto.SystemUtil - br==dwat 2020-08-07 08:27:43,899 INFO org.springframework.web.servlet.handler.AbstractUrlHandlerMapping.registerHandler(AbstractUrlHandlerMapping.java:341) -Mapped URL path [/muilistview.do] onto handler 'muilistview'
INFO main auto.SystemUtil - br==dwat 2020-08-07 08:27:43,901 INFO org.springframework.web.servlet.handler.AbstractUrlHandlerMapping.registerHandler(AbstractUrlHandlerMapping.java:341) -Mapped URL path [/commonController.do] onto handler 'commonController'
INFO main auto.SystemUtil - br==dwat 2020-08-07 08:27:43,902 INFO org.springframework.web.servlet.handler.AbstractUrlHandlerMapping.registerHandler(AbstractUrlHandlerMapping.java:341) -Mapped URL path [/doBT.do] onto handler 'doBT'
INFO main auto.SystemUtil - br==dwat 2020-08-07 08:27:43,903 INFO org.springframework.web.servlet.handler.AbstractUrlHandlerMapping.registerHandler(AbstractUrlHandlerMapping.java:341) -Mapped URL path [/seftdvap.do] onto handler 'seftdvap'
INFO main auto.SystemUtil - br==dwat 2020-08-07 08:27:43,905 INFO org.springframework.web.servlet.handler.AbstractUrlHandlerMapping.registerHandler(AbstractUrlHandlerMapping.java:341) -Mapped URL path [/mflowtoken.do] onto handler 'mflowtoken'
INFO main auto.SystemUtil - br==dwat 2020-08-07 08:27:43,906 INFO org.springframework.web.servlet.handler.AbstractUrlHandlerMapping.registerHandler(AbstractUrlHandlerMapping.java:341) -Mapped URL path [/bizscene.do] onto handler 'bizscene'
INFO main auto.SystemUtil - br==dwat 2020-08-07 08:27:43,907 INFO org.springframework.web.servlet.handler.AbstractUrlHandlerMapping.registerHandler(AbstractUrlHandlerMapping.java:341) -Mapped URL path [/mform.do] onto handler 'mform'
INFO main auto.SystemUtil - br==dwat 2020-08-07 08:27:43,909 INFO org.springframework.web.servlet.handler.AbstractUrlHandlerMapping.registerHandler(AbstractUrlHandlerMapping.java:341) -Mapped URL path [/seftivap.do] onto handler 'seftivap'
INFO main auto.SystemUtil - br==dwat 2020-08-07 08:27:43,911 INFO org.springframework.web.servlet.handler.AbstractUrlHandlerMapping.registerHandler(AbstractUrlHandlerMapping.java:341) -Mapped URL path [/wflowtoken.do] onto handler 'wflowtoken'
INFO main auto.SystemUtil - br==dwat 2020-08-07 08:27:43,913 INFO org.springframework.web.servlet.handler.AbstractUrlHandlerMapping.registerHandler(AbstractUrlHandlerMapping.java:341) -Mapped URL path [/appEntry.do] onto handler 'appEntry'
INFO main auto.SystemUtil - br==dwat 2020-08-07 08:27:43,916 INFO org.springframework.web.servlet.handler.AbstractUrlHandlerMapping.registerHandler(AbstractUrlHandlerMapping.java:341) -Mapped URL path [/processdetail.do] onto handler 'processdetail'
INFO main auto.SystemUtil - br==dwat 2020-08-07 08:27:43,917 INFO org.springframework.web.servlet.handler.AbstractUrlHandlerMapping.registerHandler(AbstractUrlHandlerMapping.java:341) -Mapped URL path [/printConfig.do] onto handler 'printConfig'
INFO main auto.SystemUtil - br==dwat 2020-08-07 08:27:43,923 INFO org.springframework.web.servlet.handler.AbstractUrlHandlerMapping.registerHandler(AbstractUrlHandlerMapping.java:341) -Mapped URL path [/oti.do] onto handler 'oti'
INFO main auto.SystemUtil - br==dwat 2020-08-07 08:27:43,924 INFO org.springframework.web.servlet.handler.AbstractUrlHandlerMapping.registerHandler(AbstractUrlHandlerMapping.java:341) -Mapped URL path [/ddgridData.do] onto handler 'ddgridData'
INFO main auto.SystemUtil - br==dwat 2020-08-07 08:27:43,925 INFO org.springframework.web.servlet.handler.AbstractUrlHandlerMapping.registerHandler(AbstractUrlHandlerMapping.java:341) -Mapped URL path [/aut.do] onto handler 'aut'
INFO main auto.SystemUtil - br==dwat 2020-08-07 08:27:43,927 INFO org.springframework.web.servlet.handler.AbstractUrlHandlerMapping.registerHandler(AbstractUrlHandlerMapping.java:341) -Mapped URL path [/lanePrompt.do] onto handler 'lanePrompt'
INFO main auto.SystemUtil - br==dwat 2020-08-07 08:27:43,928 INFO org.springframework.web.servlet.handler.AbstractUrlHandlerMapping.registerHandler(AbstractUrlHandlerMapping.java:341) -Mapped URL path [/dataView.do] onto handler 'dataView'
INFO main auto.SystemUtil - br==dwat 2020-08-07 08:27:43,929 INFO org.springframework.web.servlet.handler.AbstractUrlHandlerMapping.registerHandler(AbstractUrlHandlerMapping.java:341) -Mapped URL path [/analysisBTFruit.do] onto handler 'analysisBTFruit'
INFO main auto.SystemUtil - br==dwat 2020-08-07 08:27:43,930 INFO org.springframework.web.servlet.handler.AbstractUrlHandlerMapping.registerHandler(AbstractUrlHandlerMapping.java:341) -Mapped URL path [/seftable.do] onto handler 'seftable'
INFO main auto.SystemUtil - br==dwat 2020-08-07 08:27:43,933 INFO org.springframework.web.servlet.handler.AbstractUrlHandlerMapping.registerHandler(AbstractUrlHandlerMapping.java:341) -Mapped URL path [/pwe.do] onto handler 'pwe'
INFO main auto.SystemUtil - br==dwat 2020-08-07 08:27:43,934 INFO org.springframework.web.servlet.handler.AbstractUrlHandlerMapping.registerHandler(AbstractUrlHandlerMapping.java:341) -Mapped URL path [/spromot.do] onto handler 'spromot'
INFO main auto.SystemUtil - br==dwat 2020-08-07 08:27:43,936 INFO org.springframework.web.servlet.handler.AbstractUrlHandlerMapping.registerHandler(AbstractUrlHandlerMapping.java:341) -Mapped URL path [/eut.do] onto handler 'eut'
INFO main auto.SystemUtil - br==dwat 2020-08-07 08:27:43,937 INFO org.springframework.web.servlet.handler.AbstractUrlHandlerMapping.registerHandler(AbstractUrlHandlerMapping.java:341) -Mapped URL path [/rwts.do] onto handler 'rwts'
INFO main auto.SystemUtil - br==dwat 2020-08-07 08:27:43,938 INFO org.springframework.web.servlet.handler.AbstractUrlHandlerMapping.registerHandler(AbstractUrlHandlerMapping.java:341) -Mapped URL path [/office.do] onto handler 'office'
INFO main auto.SystemUtil - br==dwat 2020-08-07 08:27:43,940 INFO org.springframework.web.servlet.handler.AbstractUrlHandlerMapping.registerHandler(AbstractUrlHandlerMapping.java:341) -Mapped URL path [/yztdlc.do] onto handler 'yztdlc'
INFO main auto.SystemUtil - br==dwat 2020-08-07 08:27:43,941 INFO org.springframework.web.servlet.handler.AbstractUrlHandlerMapping.registerHandler(AbstractUrlHandlerMapping.java:341) -Mapped URL path [/pagemng.do] onto handler 'pagemng'
INFO main auto.SystemUtil - br==dwat 2020-08-07 08:27:43,942 INFO org.springframework.web.servlet.handler.AbstractUrlHandlerMapping.registerHandler(AbstractUrlHandlerMapping.java:341) -Mapped URL path [/worklistAboutEid.do] onto handler 'worklistAboutEid'
INFO main auto.SystemUtil - br==dwat 2020-08-07 08:27:43,943 INFO org.springframework.web.servlet.handler.AbstractUrlHandlerMapping.registerHandler(AbstractUrlHandlerMapping.java:341) -Mapped URL path [/beSessionUtil.do] onto handler 'beSessionUtil'
INFO main auto.SystemUtil - br==dwat 2020-08-07 08:27:43,945 INFO org.springframework.web.servlet.handler.AbstractUrlHandlerMapping.registerHandler(AbstractUrlHandlerMapping.java:341) -Mapped URL path [/wprocess.do] onto handler 'wprocess'
INFO main auto.SystemUtil - br==dwat 2020-08-07 08:27:43,946 INFO org.springframework.web.servlet.handler.AbstractUrlHandlerMapping.registerHandler(AbstractUrlHandlerMapping.java:341) -Mapped URL path [/analysisIPayFruit.do] onto handler 'analysisIPayFruit'
INFO main auto.SystemUtil - br==dwat 2020-08-07 08:27:43,948 INFO org.springframework.web.servlet.handler.AbstractUrlHandlerMapping.registerHandler(AbstractUrlHandlerMapping.java:341) -Mapped URL path [/mgrid.do] onto handler 'mgrid'
INFO main auto.SystemUtil - br==dwat 2020-08-07 08:27:43,949 INFO org.springframework.web.servlet.handler.AbstractUrlHandlerMapping.registerHandler(AbstractUrlHandlerMapping.java:341) -Mapped URL path [/certManage.do] onto handler 'certManage'
INFO main auto.SystemUtil - br==dwat 2020-08-07 08:27:43,950 INFO org.springframework.web.servlet.handler.AbstractUrlHandlerMapping.registerHandler(AbstractUrlHandlerMapping.java:341) -Mapped URL path [/prepareBTSeed.do] onto handler 'prepareBTSeed'
INFO main auto.SystemUtil - br==dwat 2020-08-07 08:27:43,951 INFO org.springframework.web.servlet.handler.AbstractUrlHandlerMapping.registerHandler(AbstractUrlHandlerMapping.java:341) -Mapped URL path [/averageTask.do] onto handler 'averageTask'
INFO main auto.SystemUtil - br==dwat 2020-08-07 08:27:43,952 INFO org.springframework.web.servlet.handler.AbstractUrlHandlerMapping.registerHandler(AbstractUrlHandlerMapping.java:341) -Mapped URL path [/wprocessdetail.do] onto handler 'wprocessdetail'
INFO main auto.SystemUtil - br==dwat 2020-08-07 08:27:43,954 INFO org.springframework.web.servlet.handler.AbstractUrlHandlerMapping.registerHandler(AbstractUrlHandlerMapping.java:341) -Mapped URL path [/sform.do] onto handler 'sform'
INFO main auto.SystemUtil - br==dwat 2020-08-07 08:27:43,955 INFO org.springframework.web.servlet.handler.AbstractUrlHandlerMapping.registerHandler(AbstractUrlHandlerMapping.java:341) -Mapped URL path [/mCommonController.do] onto handler 'mCommonController'
INFO main auto.SystemUtil - br==dwat 2020-08-07 08:27:44,083 INFO org.springframework.web.servlet.FrameworkServlet.initServletBean(FrameworkServlet.java:507) -FrameworkServlet 'dwat': initialization completed in 935 ms
INFO main auto.SystemUtil - br==dwat 2020-08-07 08:27:44,118 INFO org.apache.axis2.deployment.WarBasedAxisConfigurator.<init>(WarBasedAxisConfigurator.java:152) -Could not find axis2.xml, loading default org/apache/axis2/deployment/axis2_default.xml from classpath
INFO main auto.SystemUtil - br==dwat 2020-08-07 08:27:44,191 WARN org.apache.axiom.util.stax.dialect.StAXDialectDetector.detectDialect(StAXDialectDetector.java:177) -Unable to determine dialect of the StAX implementation at jar:file:/new/tomcat_dwat_temp/webapps/dwat/WEB-INF/lib/wlfullclient.jar!/
INFO main auto.SystemUtil - br==dwat 2020-08-07 08:27:44,564 INFO org.apache.axis2.deployment.ModuleDeployer.deploy(ModuleDeployer.java:79) -Deploying module: soapmonitor-1.2 - file:/new/tomcat_dwat_temp/webapps/dwat/WEB-INF/modules/soapmonitor-1.2.mar
INFO main auto.SystemUtil - br==dwat 2020-08-07 08:27:44,594 INFO org.apache.axis2.deployment.ModuleDeployer.deploy(ModuleDeployer.java:79) -Deploying module: addressing-1.2 - file:/new/tomcat_dwat_temp/webapps/dwat/WEB-INF/modules/addressing-1.2.mar
INFO main auto.SystemUtil - br==dwat 2020-08-07 08:27:44,713 INFO org.apache.axis2.deployment.ServiceDeployer.deploy(ServiceDeployer.java:92) -Deploying Web service: serviceproxy.aar - file:/new/tomcat_dwat_temp/webapps/dwat/WEB-INF/services/serviceproxy.aar
INFO main auto.SystemUtil - br==dwat 2020-08-07 08:27:44,724 INFO org.apache.axis2.deployment.ServiceDeployer.deploy(ServiceDeployer.java:92) -Deploying Web service: msg.aar - file:/new/tomcat_dwat_temp/webapps/dwat/WEB-INF/services/msg.aar
INFO main auto.SystemUtil - br==dwat 2020-08-07 08:27:44,732 INFO org.apache.axis2.deployment.ServiceDeployer.deploy(ServiceDeployer.java:92) -Deploying Web service: dwservice.aar - file:/new/tomcat_dwat_temp/webapps/dwat/WEB-INF/services/dwservice.aar
INFO main auto.SystemUtil - br==dwat 2020-08-07 08:27:44,741 WARN org.apache.axis2.util.OnDemandLogger.warn(OnDemandLogger.java:165) -No transportReceiver for org.apache.axis2.transport.http.AxisServletListener found. An instance for HTTP will be configured automatically. Please update your axis2.xml file!
INFO main auto.SystemUtil - br=2020-8-7 8:27:44 org.apache.catalina.startup.HostConfig deployDirectory
INFO main auto.SystemUtil - br=信息: Deploying web application directory ROOT
INFO main auto.SystemUtil - br=2020-8-7 8:27:44 org.apache.catalina.startup.HostConfig deployDirectory
INFO main auto.SystemUtil - br=信息: Deploying web application directory examples
INFO main auto.SystemUtil - br=2020-8-7 8:27:44 org.apache.catalina.startup.HostConfig deployDirectory
INFO main auto.SystemUtil - br=信息: Deploying web application directory docs
INFO main auto.SystemUtil - br=2020-8-7 8:27:45 org.apache.coyote.http11.Http11Protocol start
INFO main auto.SystemUtil - br=信息: Starting Coyote HTTP/1.1 on http-8899
INFO main auto.SystemUtil - br=2020-8-7 8:27:45 org.apache.jk.common.ChannelSocket init
INFO main auto.SystemUtil - br=信息: JK: ajp13 listening on /0.0.0.0:8029
INFO main auto.SystemUtil - br=2020-8-7 8:27:45 org.apache.jk.server.JkMain start
INFO main auto.SystemUtil - br=信息: Jk running ID=0 time=0/20  config=null
INFO main auto.SystemUtil - br=2020-8-7 8:27:45 org.apache.catalina.startup.Catalina start
INFO main auto.SystemUtil - br=信息: Server startup in 36436 ms
